<?xml version="1.0" encoding="UTF-8"?>
<!-- Generated by org.testng.reporters.JUnitReportReporter -->
<testsuite hostname="Nextgen-Laptop" failures="0" tests="3" name="mavenproject.tests.StandAloneTest2" time="25.503" errors="0" timestamp="2025-08-06T21:04:59 IST" skipped="0">
  <testcase classname="mavenproject.tests.StandAloneTest2" name="submitOrder" time="12.115"/>
  <testcase classname="mavenproject.tests.StandAloneTest2" name="OrderHistoryTest" time="5.572"/>
  <testcase classname="mavenproject.tests.StandAloneTest2" name="submitOrder" time="7.816"/>
</testsuite> <!-- mavenproject.tests.StandAloneTest2 -->
