<?xml version="1.0" encoding="UTF-8"?>
<!-- Generated by org.testng.reporters.JUnitReportReporter -->
<testsuite hostname="Nextgen-Laptop" failures="0" tests="1" name="cucumber.TestNGTestRunner" time="16.592" errors="0" timestamp="2025-08-07T21:53:43 IST" skipped="0">
  <testcase classname="cucumber.TestNGTestRunner" name="runScenario" time="16.592"/>
</testsuite> <!-- cucumber.TestNGTestRunner -->
