<?xml version="1.0" encoding="UTF-8"?>
<!-- Generated by org.testng.reporters.JUnitReportReporter -->
<testsuite hostname="Nextgen-Laptop" failures="0" tests="3" name="mavenproject.tests.StandAloneTest2" time="31.771" errors="0" timestamp="2025-08-07T23:24:29 IST" skipped="0">
  <testcase classname="mavenproject.tests.StandAloneTest2" name="OrderHistoryTest" time="9.296"/>
  <testcase classname="mavenproject.tests.StandAloneTest2" name="submitOrder" time="11.061"/>
  <testcase classname="mavenproject.tests.StandAloneTest2" name="submitOrder" time="11.414"/>
</testsuite> <!-- mavenproject.tests.StandAloneTest2 -->
